<?xml version="1.0" encoding="UTF-8"?>
<testsuite name="Solution24Test" tests="1" skipped="0" failures="0" errors="0" timestamp="2021-10-03T00:39:27" hostname="DESKTOP-OFMBT8C" time="0.019">
  <properties/>
  <testcase name="Test1()" classname="Solution24Test" time="0.019"/>
  <system-out><![CDATA[]]></system-out>
  <system-err><![CDATA[]]></system-err>
</testsuite>
